[debug] [2023-04-16T19:07:18.487Z] ----------------------------------------------------------------------
[debug] [2023-04-16T19:07:18.491Z] Command:       C:\Program Files\nodejs\node.exe C:\Users\Chris\AppData\Roaming\npm\node_modules\firebase-tools\lib\bin\firebase.js deploy
[debug] [2023-04-16T19:07:18.493Z] CLI Version:   11.25.3
[debug] [2023-04-16T19:07:18.493Z] Platform:      win32
[debug] [2023-04-16T19:07:18.493Z] Node Version:  v18.13.0
[debug] [2023-04-16T19:07:18.495Z] Time:          Sun Apr 16 2023 15:07:18 GMT-0400 (Eastern Daylight Saving Time)
[debug] [2023-04-16T19:07:18.496Z] ----------------------------------------------------------------------
[debug] 
[debug] [2023-04-16T19:07:18.640Z] > command requires scopes: ["email","openid","https://www.googleapis.com/auth/cloudplatformprojects.readonly","https://www.googleapis.com/auth/firebase","https://www.googleapis.com/auth/cloud-platform"]
[debug] [2023-04-16T19:07:18.640Z] > authorizing via signed-in user (chrisjagernath@gmail.com)
[debug] [2023-04-16T19:07:18.641Z] [iam] checking project weebdleapp-1f90d for permissions ["firebase.projects.get","firebasehosting.sites.update"]
[debug] [2023-04-16T19:07:18.643Z] > refreshing access token with scopes: []
[debug] [2023-04-16T19:07:18.645Z] >>> [apiv2][query] POST https://www.googleapis.com/oauth2/v3/token [none]
[debug] [2023-04-16T19:07:18.645Z] >>> [apiv2][body] POST https://www.googleapis.com/oauth2/v3/token [omitted]
[debug] [2023-04-16T19:07:19.189Z] <<< [apiv2][status] POST https://www.googleapis.com/oauth2/v3/token 200
[debug] [2023-04-16T19:07:19.190Z] <<< [apiv2][body] POST https://www.googleapis.com/oauth2/v3/token [omitted]
[debug] [2023-04-16T19:07:19.248Z] >>> [apiv2][query] POST https://cloudresourcemanager.googleapis.com/v1/projects/weebdleapp-1f90d:testIamPermissions [none]
[debug] [2023-04-16T19:07:19.248Z] >>> [apiv2][(partial)header] POST https://cloudresourcemanager.googleapis.com/v1/projects/weebdleapp-1f90d:testIamPermissions x-goog-quota-user=projects/weebdleapp-1f90d
[debug] [2023-04-16T19:07:19.249Z] >>> [apiv2][body] POST https://cloudresourcemanager.googleapis.com/v1/projects/weebdleapp-1f90d:testIamPermissions {"permissions":["firebase.projects.get","firebasehosting.sites.update"]}
[debug] [2023-04-16T19:07:19.862Z] <<< [apiv2][status] POST https://cloudresourcemanager.googleapis.com/v1/projects/weebdleapp-1f90d:testIamPermissions 200
[debug] [2023-04-16T19:07:19.862Z] <<< [apiv2][body] POST https://cloudresourcemanager.googleapis.com/v1/projects/weebdleapp-1f90d:testIamPermissions {"permissions":["firebase.projects.get","firebasehosting.sites.update"]}
[debug] [2023-04-16T19:07:19.863Z] >>> [apiv2][query] GET https://firebase.googleapis.com/v1beta1/projects/weebdleapp-1f90d [none]
[debug] [2023-04-16T19:07:20.498Z] <<< [apiv2][status] GET https://firebase.googleapis.com/v1beta1/projects/weebdleapp-1f90d 200
[debug] [2023-04-16T19:07:20.498Z] <<< [apiv2][body] GET https://firebase.googleapis.com/v1beta1/projects/weebdleapp-1f90d {"projectId":"weebdleapp-1f90d","projectNumber":"46038143996","displayName":"Weebdleapp","name":"projects/weebdleapp-1f90d","resources":{"hostingSite":"weebdleapp-1f90d"},"state":"ACTIVE","etag":"1_407adb08-821c-4a00-b6a7-cd9bfb6b24f7"}
[debug] [2023-04-16T19:07:33.252Z] >>> [apiv2][query] GET https://firebasehosting.googleapis.com/v1beta1/projects/weebdleapp-1f90d/sites pageToken=&pageSize=10
[debug] [2023-04-16T19:07:34.418Z] <<< [apiv2][status] GET https://firebasehosting.googleapis.com/v1beta1/projects/weebdleapp-1f90d/sites 200
[debug] [2023-04-16T19:07:34.418Z] <<< [apiv2][body] GET https://firebasehosting.googleapis.com/v1beta1/projects/weebdleapp-1f90d/sites {"sites":[{"name":"projects/weebdleapp-1f90d/sites/weebdleapp-1f90d","defaultUrl":"https://weebdleapp-1f90d.web.app","type":"DEFAULT_SITE"}]}
[debug] [2023-04-16T19:07:34.420Z] >>> [apiv2][query] GET https://firebasehosting.googleapis.com/v1beta1/projects/weebdleapp-1f90d/sites 
[debug] [2023-04-16T19:07:35.201Z] <<< [apiv2][status] GET https://firebasehosting.googleapis.com/v1beta1/projects/weebdleapp-1f90d/sites 200
[debug] [2023-04-16T19:07:35.201Z] <<< [apiv2][body] GET https://firebasehosting.googleapis.com/v1beta1/projects/weebdleapp-1f90d/sites {"sites":[{"name":"projects/weebdleapp-1f90d/sites/weebdleapp-1f90d","defaultUrl":"https://weebdleapp-1f90d.web.app","type":"DEFAULT_SITE"}]}
[debug] [2023-04-16T19:07:35.202Z] >>> [apiv2][query] GET https://firebase.googleapis.com/v1beta1/projects/weebdleapp-1f90d/webApps/-/config [none]
[debug] [2023-04-16T19:07:35.887Z] <<< [apiv2][status] GET https://firebase.googleapis.com/v1beta1/projects/weebdleapp-1f90d/webApps/-/config 200
[debug] [2023-04-16T19:07:35.887Z] <<< [apiv2][body] GET https://firebase.googleapis.com/v1beta1/projects/weebdleapp-1f90d/webApps/-/config {"projectId":"weebdleapp-1f90d","appId":"1:46038143996:web:31b5f8ea109f133e579879","storageBucket":"weebdleapp-1f90d.appspot.com","apiKey":"AIzaSyC36zZQgSvNzmy8mjrde5FbStYFcxzBaSI","authDomain":"weebdleapp-1f90d.firebaseapp.com","messagingSenderId":"46038143996","measurementId":"G-BJZK5MVB27"}
[debug] [2023-04-16T19:07:53.061Z] Error: Failed to collect page data for /
    at D:\react\reactjs\weebdle\node_modules\next\dist\build\utils.js:1055:15
[error] 
[error] Error: An unexpected error has occurred.
